Error: ENOENT: no such file or directory, stat '/home/turkeyba/backend/public/images/mt_25.jpg'
Error: ENOENT: no such file or directory, stat '/home/turkeyba/backend/public/images/mt_25.jpg'
Error: ENOENT: no such file or directory, stat '/home/turkeyba/backend/public/images/mt_25.jpg'
Error: ENOENT: no such file or directory, stat '/home/turkeyba/backend/public/images/mt_25.jpg'
Error: ENOENT: no such file or directory, stat '/home/turkeyba/backend/public/images/mt_25.jpg'
Error: ENOENT: no such file or directory, stat '/home/turkeyba/backend/public/images/mt_25.jpg'
Error: ENOENT: no such file or directory, stat '/home/turkeyba/backend/public/images/mt_25.jpg'
Error: ENOENT: no such file or directory, stat '/home/turkeyba/backend/public/images/mt_25.jpg'
(node:24502) DeprecationWarning: Mongoose: `findOneAndUpdate()` and `findOneAndDelete()` without the `useFindAndModify` option set to false are deprecated. See: https://mongoosejs.com/docs/deprecations.html#findandmodify
Error: ENOENT: no such file or directory, stat '/home/turkeyba/backend/public/images/shutterstock_1867515433.jpg'
Error: ENOENT: no such file or directory, stat '/home/turkeyba/backend/public/images/shutterstock_1867515433.jpg'
Error: ENOENT: no such file or directory, stat '/home/turkeyba/backend/public/images/shutterstock_1867515433.jpg'
Error: ENOENT: no such file or directory, stat '/home/turkeyba/backend/public/images/shutterstock_1867515433.jpg'
Error: ENOENT: no such file or directory, stat '/home/turkeyba/backend/public/images/shutterstock_1867515433.jpg'
Error: ENOENT: no such file or directory, stat '/home/turkeyba/backend/public/images/shutterstock_1867515433.jpg'
Error: ENOENT: no such file or directory, stat '/home/turkeyba/backend/public/images/shutterstock_1867515433.jpg'
Error: ENOENT: no such file or directory, stat '/home/turkeyba/backend/public/images/balon .jpg'
Error: ENOENT: no such file or directory, stat '/home/turkeyba/backend/public/images/balon .jpg'
Error: ENOENT: no such file or directory, stat '/home/turkeyba/backend/public/images/balon .jpg'
Error: ENOENT: no such file or directory, stat '/home/turkeyba/backend/public/images/balon .jpg'
Error: ENOENT: no such file or directory, stat '/home/turkeyba/backend/public/images/balon .jpg'
Error: ENOENT: no such file or directory, stat '/home/turkeyba/backend/public/images/balon .jpg'
Error: ENOENT: no such file or directory, stat '/home/turkeyba/backend/public/images/balon -min.jpg'
Error: ENOENT: no such file or directory, stat '/home/turkeyba/backend/public/images/balon -min.jpg'
Error: ENOENT: no such file or directory, stat '/home/turkeyba/backend/public/images/balon -min-min.jpg'
Error: ENOENT: no such file or directory, stat '/home/turkeyba/backend/public/images/balon -min-min.jpg'
Error: ENOENT: no such file or directory, stat '/home/turkeyba/backend/public/images/balon -min-min (1).jpg'
Error: ENOENT: no such file or directory, stat '/home/turkeyba/backend/public/images/balon -min-min (1).jpg'
Error: ENOENT: no such file or directory, stat '/home/turkeyba/backend/public/images/kapadokya-balon-turu-1.jpg'
Error: ENOENT: no such file or directory, stat '/home/turkeyba/backend/public/images/kapadokya-balon-turu-1.jpg'
Error: ENOENT: no such file or directory, stat '/home/turkeyba/backend/public/images/kapadokya-balon-turu-1.jpg'
Error: ENOENT: no such file or directory, stat '/home/turkeyba/backend/public/images/kapadokya-balon-turu-1.jpg'
Error: ENOENT: no such file or directory, stat '/home/turkeyba/backend/public/images/kapadokya-balon-turu-1.jpg'
Error: ENOENT: no such file or directory, stat '/home/turkeyba/backend/public/images/kapadokya-balon-turu-1.jpg'
Error: ENOENT: no such file or directory, stat '/home/turkeyba/backend/public/images/balon-2 (1).jpg'
Error: ENOENT: no such file or directory, stat '/home/turkeyba/backend/public/images/kapadokya-balon-turu-1.jpg'
Error: ENOENT: no such file or directory, stat '/home/turkeyba/backend/public/images/balon-2 (1).jpg'
Error: ENOENT: no such file or directory, stat '/home/turkeyba/backend/public/images/kapadokya-balon-turu-1.jpg'
Error: ENOENT: no such file or directory, stat '/home/turkeyba/backend/public/images/kapadokya-balon-turu-1.jpg'
Error: ENOENT: no such file or directory, stat '/home/turkeyba/backend/public/images/balon-2 (1).jpg'
Error: ENOENT: no such file or directory, stat '/home/turkeyba/backend/public/images/balon-2 (1).jpg'
Error: ENOENT: no such file or directory, stat '/home/turkeyba/backend/public/images/kapadokya-balon-turu-1.jpg'
Error: ENOENT: no such file or directory, stat '/home/turkeyba/backend/public/images/kapadokya-balon-turu-1.jpg'
Error: ENOENT: no such file or directory, stat '/home/turkeyba/backend/public/images/kapadokya-balon-turu-1.jpg'
Error: ENOENT: no such file or directory, stat '/home/turkeyba/backend/public/images/balon-2 (1).jpg'
Error: ENOENT: no such file or directory, stat '/home/turkeyba/backend/public/images/kapadokya-balon-turu-1.jpg'
Error: ENOENT: no such file or directory, stat '/home/turkeyba/backend/public/images/kapadokya-balon-turu-1.jpg'
Error: ENOENT: no such file or directory, stat '/home/turkeyba/backend/public/images/balon-2 (1).jpg'
Error: ENOENT: no such file or directory, stat '/home/turkeyba/backend/public/images/kapadokya-balon-turu-1.jpg'
Error: ENOENT: no such file or directory, stat '/home/turkeyba/backend/public/images/kapadokya-balon-turu-1.jpg'
Error: ENOENT: no such file or directory, stat '/home/turkeyba/backend/public/images/balon-2 (1).jpg'
Error: ENOENT: no such file or directory, stat '/home/turkeyba/backend/public/images/kapadokya-balon-turu-1.jpg'
Error: ENOENT: no such file or directory, stat '/home/turkeyba/backend/public/images/balon-2 (1).jpg'
(node:24502) UnhandledPromiseRejectionWarning: CastError: Cast to ObjectId failed for value "undefined" at path "_id" for model "Activity"
    at model.Query.exec (/home/turkeyba/nodevenv/backend/10/lib/node_modules/mongoose/lib/query.js:4358:21)
    at model.Query.Query.then (/home/turkeyba/nodevenv/backend/10/lib/node_modules/mongoose/lib/query.js:4452:15)
    at process._tickCallback (internal/process/next_tick.js:68:7)
(node:24502) UnhandledPromiseRejectionWarning: Unhandled promise rejection. This error originated either by throwing inside of an async function without a catch block, or by rejecting a promise which was not handled with .catch(). (rejection id: 1)
(node:24502) [DEP0018] DeprecationWarning: Unhandled promise rejections are deprecated. In the future, promise rejections that are not handled will terminate the Node.js process with a non-zero exit code.
Error: ENOENT: no such file or directory, stat '/home/turkeyba/backend/public/images/kapadokya-balon-turu-1.jpg'
Error: ENOENT: no such file or directory, stat '/home/turkeyba/backend/public/images/kapadokya-balon-turu-1.jpg'
Error: ENOENT: no such file or directory, stat '/home/turkeyba/backend/public/images/balon-2 (1).jpg'
Error: ENOENT: no such file or directory, stat '/home/turkeyba/backend/public/images/kapadokya-balon-turu-1.jpg'
Error: ENOENT: no such file or directory, stat '/home/turkeyba/backend/public/images/balon .jpg'
Error: ENOENT: no such file or directory, stat '/home/turkeyba/backend/public/images/kapadokya-balon-turu-1.jpg'
Error: ENOENT: no such file or directory, stat '/home/turkeyba/backend/public/images/balon-2 (1).jpg'
Error: ENOENT: no such file or directory, stat '/home/turkeyba/backend/public/images/kapadokya-balon-turu-1.jpg'
Error: ENOENT: no such file or directory, stat '/home/turkeyba/backend/public/images/balon-2 (1).jpg'
Error: ENOENT: no such file or directory, stat '/home/turkeyba/backend/public/images/kapadokya-balon-turu-1.jpg'
Error: ENOENT: no such file or directory, stat '/home/turkeyba/backend/public/images/shutterstock_1883250970.jpg'
Error: ENOENT: no such file or directory, stat '/home/turkeyba/backend/public/images/kapadokya-balon-turu-1.jpg'
Error: ENOENT: no such file or directory, stat '/home/turkeyba/backend/public/images/compressjpeg.zip'
Error: ENOENT: no such file or directory, stat '/home/turkeyba/backend/public/images/kapadokya-balon-turu-1.jpg'
Error: ENOENT: no such file or directory, stat '/home/turkeyba/backend/public/images/kapadokya-balon-turu-1.jpg'
Error: ENOENT: no such file or directory, stat '/home/turkeyba/backend/public/images/compressjpeg.zip'
Error: ENOENT: no such file or directory, stat '/home/turkeyba/backend/public/images/kapadokya-balon-turu-1.jpg'
Error: ENOENT: no such file or directory, stat '/home/turkeyba/backend/public/images/compressjpeg.zip'
Error: ENOENT: no such file or directory, stat '/home/turkeyba/backend/public/images/shutterstock_1883250970-min (1).jpg'
Error: ENOENT: no such file or directory, stat '/home/turkeyba/backend/public/images/kapadokya-balon-turu-1.jpg'
Error: ENOENT: no such file or directory, stat '/home/turkeyba/backend/public/images/kapadokya-balon-turu-1.jpg'
Error: ENOENT: no such file or directory, stat '/home/turkeyba/backend/public/images/shutterstock_1883250970-min (1).jpg'
Error: ENOENT: no such file or directory, stat '/home/turkeyba/backend/public/images/shutterstock_1883250970-min (1).jpg'
Error: ENOENT: no such file or directory, stat '/home/turkeyba/backend/public/images/kapadokya-balon-turu-1.jpg'
Error: ENOENT: no such file or directory, stat '/home/turkeyba/backend/public/images/shutterstock_1883250970-min (1).jpg'
Error: ENOENT: no such file or directory, stat '/home/turkeyba/backend/public/images/kapadokya-balon-turu-1.jpg'
Error: ENOENT: no such file or directory, stat '/home/turkeyba/backend/public/images/shutterstock_1883250970.jpg'
Error: ENOENT: no such file or directory, stat '/home/turkeyba/backend/public/images/balon .jpg'
Error: ENOENT: no such file or directory, stat '/home/turkeyba/backend/public/images/kapadokya-balon-turu-1.jpg'
Error: ENOENT: no such file or directory, stat '/home/turkeyba/backend/public/images/shutterstock_1883250970-min (1).jpg'
Error: ENOENT: no such file or directory, stat '/home/turkeyba/backend/public/images/balon .jpg'
Error: ENOENT: no such file or directory, stat '/home/turkeyba/backend/public/images/kapadokya-balon-turu-1.jpg'
Error: ENOENT: no such file or directory, stat '/home/turkeyba/backend/public/images/shutterstock_1883250970.jpg'
Error: ENOENT: no such file or directory, stat '/home/turkeyba/backend/public/images/shutterstock_1883250970-min (1).jpg'
Error: ENOENT: no such file or directory, stat '/home/turkeyba/backend/public/images/kapadokya-balon-turu-1.jpg'
Error: ENOENT: no such file or directory, stat '/home/turkeyba/backend/public/images/balon .jpg'
Error: ENOENT: no such file or directory, stat '/home/turkeyba/backend/public/images/shutterstock_1883250970.jpg'
Error: ENOENT: no such file or directory, stat '/home/turkeyba/backend/public/images/shutterstock_1883250970-min (1).jpg'
Error: ENOENT: no such file or directory, stat '/home/turkeyba/backend/public/images/kapadokya-balon-turu-1.jpg'
Error: ENOENT: no such file or directory, stat '/home/turkeyba/backend/public/images/balon .jpg'
Error: ENOENT: no such file or directory, stat '/home/turkeyba/backend/public/images/shutterstock_1883250970-min (1).jpg'
Error: ENOENT: no such file or directory, stat '/home/turkeyba/backend/public/images/shutterstock_1883250970.jpg'
Error: ENOENT: no such file or directory, stat '/home/turkeyba/backend/public/images/balon .jpg'
Error: ENOENT: no such file or directory, stat '/home/turkeyba/backend/public/images/shutterstock_1883250970.jpg'
Error: ENOENT: no such file or directory, stat '/home/turkeyba/backend/public/images/kapadokya-balon-turu-1.jpg'
Error: ENOENT: no such file or directory, stat '/home/turkeyba/backend/public/images/shutterstock_1883250970-min (1).jpg'
Error: ENOENT: no such file or directory, stat '/home/turkeyba/backend/public/images/shutterstock_1883250970.jpg'
Error: ENOENT: no such file or directory, stat '/home/turkeyba/backend/public/images/kapadokya-balon-turu-1.jpg'
Error: ENOENT: no such file or directory, stat '/home/turkeyba/backend/public/images/shutterstock_1883250970-min (1).jpg'
Error: ENOENT: no such file or directory, stat '/home/turkeyba/backend/public/images/shutterstock_1883250970-min (1).jpg'
Error: ENOENT: no such file or directory, stat '/home/turkeyba/backend/public/images/shutterstock_1883250970.jpg'
Error: ENOENT: no such file or directory, stat '/home/turkeyba/backend/public/images/shutterstock_1883250970-min (1).jpg'
Error: ENOENT: no such file or directory, stat '/home/turkeyba/backend/public/images/shutterstock_1883250970-min (1).jpg'
Error: ENOENT: no such file or directory, stat '/home/turkeyba/backend/public/images/kapadokya-balon-turu-1.jpg'
Error: ENOENT: no such file or directory, stat '/home/turkeyba/backend/public/images/shutterstock_1883250970-min (1).jpg'
Error: ENOENT: no such file or directory, stat '/home/turkeyba/backend/public/images/kapadokya-balon-turu-1.jpg'
Error: ENOENT: no such file or directory, stat '/home/turkeyba/backend/public/images/kapadokya-balon-turu-1.jpg'
Error: ENOENT: no such file or directory, stat '/home/turkeyba/backend/public/images/kapadokya-balon-turu-1.jpg'
Error: ENOENT: no such file or directory, stat '/home/turkeyba/backend/public/images/shutterstock_1883250970-min (1).jpg'
Error: ENOENT: no such file or directory, stat '/home/turkeyba/backend/public/images/shutterstock_1883250970-min (1).jpg'
Error: ENOENT: no such file or directory, stat '/home/turkeyba/backend/public/images/kapadokya-balon-turu-1.jpg'
Error: ENOENT: no such file or directory, stat '/home/turkeyba/backend/public/images/kapadokya-balon-turu-1.jpg'
Error: ENOENT: no such file or directory, stat '/home/turkeyba/backend/public/images/shutterstock_1883250970-min (1).jpg'
Error: ENOENT: no such file or directory, stat '/home/turkeyba/backend/public/images/shutterstock_1883250970-min (1).jpg'
Error: ENOENT: no such file or directory, stat '/home/turkeyba/backend/public/images/kapadokya-balon-turu-1.jpg'
Error: ENOENT: no such file or directory, stat '/home/turkeyba/backend/public/images/kapadokya-balon-turu-1.jpg'
Error: ENOENT: no such file or directory, stat '/home/turkeyba/backend/public/images/balon -min-min.jpg'
Error: ENOENT: no such file or directory, stat '/home/turkeyba/backend/public/images/balon -min-min.jpg'
Error: ENOENT: no such file or directory, stat '/home/turkeyba/backend/public/images/balon -min-min.jpg'
Error: ENOENT: no such file or directory, stat '/home/turkeyba/backend/public/images/shutterstock_1883250970-min (1).jpg'
Error: ENOENT: no such file or directory, stat '/home/turkeyba/backend/public/images/shutterstock_1883250970-min (1).jpg'
Error: ENOENT: no such file or directory, stat '/home/turkeyba/backend/public/images/balon -min-min (1).jpg'
Error: ENOENT: no such file or directory, stat '/home/turkeyba/backend/public/images/balon -min-min (1).jpg'
Error: ENOENT: no such file or directory, stat '/home/turkeyba/backend/public/images/shutterstock_1883250970-min (1).jpg'
Error: ENOENT: no such file or directory, stat '/home/turkeyba/backend/public/images/balon -min-min (1).jpg'
Error: ENOENT: no such file or directory, stat '/home/turkeyba/backend/public/images/shutterstock_1883250970-min (1).jpg'
Error: ENOENT: no such file or directory, stat '/home/turkeyba/backend/public/images/balon hhj.jpg'
Error: ENOENT: no such file or directory, stat '/home/turkeyba/backend/public/images/shutterstock_1883250970-min (1).jpg'
Error: ENOENT: no such file or directory, stat '/home/turkeyba/backend/public/images/balon hhj.jpg'
Error: ENOENT: no such file or directory, stat '/home/turkeyba/backend/public/images/balon hhj.jpg'
Error: ENOENT: no such file or directory, stat '/home/turkeyba/backend/public/images/shutterstock_1883250970-min (1).jpg'
Error: ENOENT: no such file or directory, stat '/home/turkeyba/backend/public/images/balon-2.jpg'
Error: ENOENT: no such file or directory, stat '/home/turkeyba/backend/public/images/shutterstock_1883250970-min (1).jpg'
Error: ENOENT: no such file or directory, stat '/home/turkeyba/backend/public/images/balon-2.jpg'
Error: ENOENT: no such file or directory, stat '/home/turkeyba/backend/public/images/balon-2.jpg'
Error: ENOENT: no such file or directory, stat '/home/turkeyba/backend/public/images/shutterstock_1883250970-min (1).jpg'
Error: ENOENT: no such file or directory, stat '/home/turkeyba/backend/public/images/balon-2.jpg'
Error: ENOENT: no such file or directory, stat '/home/turkeyba/backend/public/images/kapadokya-balon-turu-1.jpg'
Error: ENOENT: no such file or directory, stat '/home/turkeyba/backend/public/images/kapadokya-balon-turu-1.jpg'
Error: ENOENT: no such file or directory, stat '/home/turkeyba/backend/public/images/balon-2.jpg'
Error: ENOENT: no such file or directory, stat '/home/turkeyba/backend/public/images/shutterstock_1883250970-min (1).jpg'
Error: ENOENT: no such file or directory, stat '/home/turkeyba/backend/public/images/balon-2.jpg'
Error: ENOENT: no such file or directory, stat '/home/turkeyba/backend/public/images/1kapadokyabalon.jpg'
Error: ENOENT: no such file or directory, stat '/home/turkeyba/backend/public/images/1kapadokyabalon.jpg'
Error: ENOENT: no such file or directory, stat '/home/turkeyba/backend/public/images/1kapadokyabalon.jpg'
Error: ENOENT: no such file or directory, stat '/home/turkeyba/backend/public/images/shutterstock_1883250970-min (1).jpg'
Error: ENOENT: no such file or directory, stat '/home/turkeyba/backend/public/images/1kapadokyabalon.jpg'
Error: ENOENT: no such file or directory, stat '/home/turkeyba/backend/public/images/shutterstock_1883250970-min (1).jpg'
Error: ENOENT: no such file or directory, stat '/home/turkeyba/backend/public/images/1kapadokyabalon.jpg'
Error: ENOENT: no such file or directory, stat '/home/turkeyba/backend/public/images/shutterstock_1883250970-min (1).jpg'
Error: ENOENT: no such file or directory, stat '/home/turkeyba/backend/public/images/shutterstock_1883250970-min (1).jpg'
Error: ENOENT: no such file or directory, stat '/home/turkeyba/backend/public/images/shutterstock_1883250970-min (1).jpg'
Error: ENOENT: no such file or directory, stat '/home/turkeyba/backend/public/images/shutterstock_1883250970-min (1).jpg'
Error: ENOENT: no such file or directory, stat '/home/turkeyba/backend/public/images/shutterstock_1883250970-min (1).jpg'
Error: ENOENT: no such file or directory, stat '/home/turkeyba/backend/public/images/shutterstock_1883250970-min (1).jpg'
(node:24502) UnhandledPromiseRejectionWarning: CastError: Cast to ObjectId failed for value "undefined" at path "_id" for model "Category"
    at model.Query.exec (/home/turkeyba/nodevenv/backend/10/lib/node_modules/mongoose/lib/query.js:4358:21)
    at model.Query.Query.then (/home/turkeyba/nodevenv/backend/10/lib/node_modules/mongoose/lib/query.js:4452:15)
    at process._tickCallback (internal/process/next_tick.js:68:7)
(node:24502) UnhandledPromiseRejectionWarning: Unhandled promise rejection. This error originated either by throwing inside of an async function without a catch block, or by rejecting a promise which was not handled with .catch(). (rejection id: 2)
Error: ENOENT: no such file or directory, stat '/home/turkeyba/backend/public/images/logo (3).png'
Error: ENOENT: no such file or directory, stat '/home/turkeyba/backend/public/images/logo (3).png'
(node:107180) DeprecationWarning: Mongoose: `findOneAndUpdate()` and `findOneAndDelete()` without the `useFindAndModify` option set to false are deprecated. See: https://mongoosejs.com/docs/deprecations.html#findandmodify
Error: ENOENT: no such file or directory, stat '/home/turkeyba/backend/public/images/hotairballoon.jpg'
Error: ENOENT: no such file or directory, stat '/home/turkeyba/backend/public/images/hotairballoon.jpg'
Error: ENOENT: no such file or directory, stat '/home/turkeyba/backend/public/images/hotairballoon.jpg'
Error: ENOENT: no such file or directory, stat '/home/turkeyba/backend/public/images/hotairballoon.jpg'
Error: ENOENT: no such file or directory, stat '/home/turkeyba/backend/public/images/hotairballoon.jpg'
Error: ENOENT: no such file or directory, stat '/home/turkeyba/backend/public/images/hotairballoon.jpg'
Error: ENOENT: no such file or directory, stat '/home/turkeyba/backend/public/images/hotairballoon.jpg'
Error: ENOENT: no such file or directory, stat '/home/turkeyba/backend/public/images/hotairballoon.jpg'
Error: ENOENT: no such file or directory, stat '/home/turkeyba/backend/public/images/hotairballoon.jpg'
Error: ENOENT: no such file or directory, stat '/home/turkeyba/backend/public/images/hotairballoon.jpg'
Error: ENOENT: no such file or directory, stat '/home/turkeyba/backend/public/images/hotairballoon.jpg'
Error: ENOENT: no such file or directory, stat '/home/turkeyba/backend/public/images/images.png'
Error: ENOENT: no such file or directory, stat '/home/turkeyba/backend/public/images/hotairballoon.jpg'
Error: ENOENT: no such file or directory, stat '/home/turkeyba/backend/public/images/images.png'
Error: ENOENT: no such file or directory, stat '/home/turkeyba/backend/public/images/hotairballoon.jpg'
Error: ENOENT: no such file or directory, stat '/home/turkeyba/backend/public/images/images.png'
